Input Notebook:  occ_sim_US_get_cosine_sim_matrix.ipynb
Output Notebook: outputs/occ_sim_US_get_cosine_sim_matrix_out.ipynb
Executing:   0%|                                                                                                                                                          | 0/14 [00:00<?, ?cell/s]/efs/users/xiet13/Marshall_2/codes/marshall_env/bin/python: No module named ipykernel_launcher
Error occurred while starting new kernel client for kernel 80bd620e-35d5-44cd-9366-c5168c614a52: Kernel died before replying to kernel_info
Executing:   0%|                                                                                                                                                          | 0/14 [00:01<?, ?cell/s]
Traceback (most recent call last):
  File "/efs/users/xiet13/Marshall_2/codes/marshall_env/bin/papermill", line 8, in <module>
    sys.exit(papermill())
             ^^^^^^^^^^^
  File "/efs/users/xiet13/Marshall_2/codes/marshall_env/lib/python3.11/site-packages/click/core.py", line 1157, in __call__
    return self.main(*args, **kwargs)
           ^^^^^^^^^^^^^^^^^^^^^^^^^^
  File "/efs/users/xiet13/Marshall_2/codes/marshall_env/lib/python3.11/site-packages/click/core.py", line 1078, in main
    rv = self.invoke(ctx)
         ^^^^^^^^^^^^^^^^
  File "/efs/users/xiet13/Marshall_2/codes/marshall_env/lib/python3.11/site-packages/click/core.py", line 1434, in invoke
    return ctx.invoke(self.callback, **ctx.params)
           ^^^^^^^^^^^^^^^^^^^^^^^^^^^^^^^^^^^^^^^
  File "/efs/users/xiet13/Marshall_2/codes/marshall_env/lib/python3.11/site-packages/click/core.py", line 783, in invoke
    return __callback(*args, **kwargs)
           ^^^^^^^^^^^^^^^^^^^^^^^^^^^
  File "/efs/users/xiet13/Marshall_2/codes/marshall_env/lib/python3.11/site-packages/click/decorators.py", line 33, in new_func
    return f(get_current_context(), *args, **kwargs)
           ^^^^^^^^^^^^^^^^^^^^^^^^^^^^^^^^^^^^^^^^^
  File "/efs/users/xiet13/Marshall_2/codes/marshall_env/lib/python3.11/site-packages/papermill/cli.py", line 235, in papermill
    execute_notebook(
  File "/efs/users/xiet13/Marshall_2/codes/marshall_env/lib/python3.11/site-packages/papermill/execute.py", line 116, in execute_notebook
    nb = papermill_engines.execute_notebook_with_engine(
         ^^^^^^^^^^^^^^^^^^^^^^^^^^^^^^^^^^^^^^^^^^^^^^^
  File "/efs/users/xiet13/Marshall_2/codes/marshall_env/lib/python3.11/site-packages/papermill/engines.py", line 48, in execute_notebook_with_engine
    return self.get_engine(engine_name).execute_notebook(nb, kernel_name, **kwargs)
           ^^^^^^^^^^^^^^^^^^^^^^^^^^^^^^^^^^^^^^^^^^^^^^^^^^^^^^^^^^^^^^^^^^^^^^^^
  File "/efs/users/xiet13/Marshall_2/codes/marshall_env/lib/python3.11/site-packages/papermill/engines.py", line 370, in execute_notebook
    cls.execute_managed_notebook(nb_man, kernel_name, log_output=log_output, **kwargs)
  File "/efs/users/xiet13/Marshall_2/codes/marshall_env/lib/python3.11/site-packages/papermill/engines.py", line 442, in execute_managed_notebook
    return PapermillNotebookClient(nb_man, **final_kwargs).execute()
           ^^^^^^^^^^^^^^^^^^^^^^^^^^^^^^^^^^^^^^^^^^^^^^^^^^^^^^^^^
  File "/efs/users/xiet13/Marshall_2/codes/marshall_env/lib/python3.11/site-packages/papermill/clientwrap.py", line 43, in execute
    with self.setup_kernel(**kwargs):
  File "/opt/apps/hand/miniconda/23.5.2/lib/python3.11/contextlib.py", line 137, in __enter__
    return next(self.gen)
           ^^^^^^^^^^^^^^
  File "/efs/users/xiet13/Marshall_2/codes/marshall_env/lib/python3.11/site-packages/nbclient/client.py", line 603, in setup_kernel
    self.start_new_kernel_client()
  File "/efs/users/xiet13/Marshall_2/codes/marshall_env/lib/python3.11/site-packages/jupyter_core/utils/__init__.py", line 165, in wrapped
    return loop.run_until_complete(inner)
           ^^^^^^^^^^^^^^^^^^^^^^^^^^^^^^
  File "/opt/apps/hand/miniconda/23.5.2/lib/python3.11/asyncio/base_events.py", line 653, in run_until_complete
    return future.result()
           ^^^^^^^^^^^^^^^
  File "/efs/users/xiet13/Marshall_2/codes/marshall_env/lib/python3.11/site-packages/nbclient/client.py", line 566, in async_start_new_kernel_client
    await ensure_async(self.kc.wait_for_ready(timeout=self.startup_timeout))
  File "/efs/users/xiet13/Marshall_2/codes/marshall_env/lib/python3.11/site-packages/jupyter_core/utils/__init__.py", line 198, in ensure_async
    result = await obj
             ^^^^^^^^^
  File "/efs/users/xiet13/Marshall_2/codes/marshall_env/lib/python3.11/site-packages/jupyter_client/client.py", line 203, in _async_wait_for_ready
    raise RuntimeError(msg)
RuntimeError: Kernel died before replying to kernel_info
